Performing C SOURCE FILE Test CMAKE_HAVE_LIBC_PTHREAD failed with the following output:
Change Dir: /home/williars/M-drive/oblig4/build/CMakeFiles/CMakeTmp

Run Build Command(s):/usr/bin/make cmTC_e257a/fast && make: Warning: File 'Makefile' has modification time 0.16 s in the future
/usr/bin/make -f CMakeFiles/cmTC_e257a.dir/build.make CMakeFiles/cmTC_e257a.dir/build
make[1]: Entering directory '/home/williars/M-drive/oblig4/build/CMakeFiles/CMakeTmp'
make[1]: Warning: File 'CMakeFiles/cmTC_e257a.dir/flags.make' has modification time 0.13 s in the future
Building C object CMakeFiles/cmTC_e257a.dir/src.c.o
/usr/bin/cc   -DCMAKE_HAVE_LIBC_PTHREAD   -o CMakeFiles/cmTC_e257a.dir/src.c.o   -c /home/williars/M-drive/oblig4/build/CMakeFiles/CMakeTmp/src.c
Linking C executable cmTC_e257a
/usr/bin/cmake -E cmake_link_script CMakeFiles/cmTC_e257a.dir/link.txt --verbose=1
/usr/bin/cc  -DCMAKE_HAVE_LIBC_PTHREAD    -rdynamic CMakeFiles/cmTC_e257a.dir/src.c.o  -o cmTC_e257a 
/usr/bin/ld: CMakeFiles/cmTC_e257a.dir/src.c.o: in function `main':
src.c:(.text+0x46): undefined reference to `pthread_create'
/usr/bin/ld: src.c:(.text+0x52): undefined reference to `pthread_detach'
/usr/bin/ld: src.c:(.text+0x63): undefined reference to `pthread_join'
collect2: error: ld returned 1 exit status
make[1]: *** [CMakeFiles/cmTC_e257a.dir/build.make:87: cmTC_e257a] Error 1
make[1]: Leaving directory '/home/williars/M-drive/oblig4/build/CMakeFiles/CMakeTmp'
make: *** [Makefile:121: cmTC_e257a/fast] Error 2


Source file was:
#include <pthread.h>

void* test_func(void* data)
{
  return data;
}

int main(void)
{
  pthread_t thread;
  pthread_create(&thread, NULL, test_func, NULL);
  pthread_detach(thread);
  pthread_join(thread, NULL);
  pthread_atfork(NULL, NULL, NULL);
  pthread_exit(NULL);

  return 0;
}

Determining if the function pthread_create exists in the pthreads failed with the following output:
Change Dir: /home/williars/M-drive/oblig4/build/CMakeFiles/CMakeTmp

Run Build Command(s):/usr/bin/make cmTC_db07d/fast && make: Warning: File 'Makefile' has modification time 0.19 s in the future
/usr/bin/make -f CMakeFiles/cmTC_db07d.dir/build.make CMakeFiles/cmTC_db07d.dir/build
make[1]: Entering directory '/home/williars/M-drive/oblig4/build/CMakeFiles/CMakeTmp'
make[1]: Warning: File 'CMakeFiles/cmTC_db07d.dir/flags.make' has modification time 0.17 s in the future
Building C object CMakeFiles/cmTC_db07d.dir/CheckFunctionExists.c.o
/usr/bin/cc   -DCHECK_FUNCTION_EXISTS=pthread_create   -o CMakeFiles/cmTC_db07d.dir/CheckFunctionExists.c.o   -c /usr/share/cmake-3.16/Modules/CheckFunctionExists.c
Linking C executable cmTC_db07d
/usr/bin/cmake -E cmake_link_script CMakeFiles/cmTC_db07d.dir/link.txt --verbose=1
/usr/bin/cc  -DCHECK_FUNCTION_EXISTS=pthread_create    -rdynamic CMakeFiles/cmTC_db07d.dir/CheckFunctionExists.c.o  -o cmTC_db07d  -lpthreads 
/usr/bin/ld: cannot find -lpthreads
collect2: error: ld returned 1 exit status
make[1]: *** [CMakeFiles/cmTC_db07d.dir/build.make:87: cmTC_db07d] Error 1
make[1]: Leaving directory '/home/williars/M-drive/oblig4/build/CMakeFiles/CMakeTmp'
make: *** [Makefile:121: cmTC_db07d/fast] Error 2



